<?xml version="1.0" encoding="UTF-8"?>
<testsuite xmlns:xsi="http://www.w3.org/2001/XMLSchema-instance" xsi:noNamespaceSchemaLocation="https://maven.apache.org/surefire/maven-surefire-plugin/xsd/surefire-test-report.xsd" name="TestSuite" time="10.65" tests="1" errors="0" skipped="0" failures="0">
  <properties>
    <property name="java.specification.version" value="17"/>
    <property name="sun.jnu.encoding" value="UTF-8"/>
    <property name="java.class.path" value="/Users/Rayhanrahman/eclipse-workspace/LibertyMutual/target/test-classes:/Users/Rayhanrahman/eclipse-workspace/LibertyMutual/target/classes:/Users/Rayhanrahman/.m2/repository/org/seleniumhq/selenium/selenium-java/3.141.59/selenium-java-3.141.59.jar:/Users/Rayhanrahman/.m2/repository/org/seleniumhq/selenium/selenium-api/3.141.59/selenium-api-3.141.59.jar:/Users/Rayhanrahman/.m2/repository/org/seleniumhq/selenium/selenium-chrome-driver/3.141.59/selenium-chrome-driver-3.141.59.jar:/Users/Rayhanrahman/.m2/repository/org/seleniumhq/selenium/selenium-edge-driver/3.141.59/selenium-edge-driver-3.141.59.jar:/Users/Rayhanrahman/.m2/repository/org/seleniumhq/selenium/selenium-firefox-driver/3.141.59/selenium-firefox-driver-3.141.59.jar:/Users/Rayhanrahman/.m2/repository/org/seleniumhq/selenium/selenium-ie-driver/3.141.59/selenium-ie-driver-3.141.59.jar:/Users/Rayhanrahman/.m2/repository/org/seleniumhq/selenium/selenium-opera-driver/3.141.59/selenium-opera-driver-3.141.59.jar:/Users/Rayhanrahman/.m2/repository/org/seleniumhq/selenium/selenium-remote-driver/3.141.59/selenium-remote-driver-3.141.59.jar:/Users/Rayhanrahman/.m2/repository/org/seleniumhq/selenium/selenium-safari-driver/3.141.59/selenium-safari-driver-3.141.59.jar:/Users/Rayhanrahman/.m2/repository/org/seleniumhq/selenium/selenium-support/3.141.59/selenium-support-3.141.59.jar:/Users/Rayhanrahman/.m2/repository/net/bytebuddy/byte-buddy/1.8.15/byte-buddy-1.8.15.jar:/Users/Rayhanrahman/.m2/repository/org/apache/commons/commons-exec/1.3/commons-exec-1.3.jar:/Users/Rayhanrahman/.m2/repository/com/google/guava/guava/25.0-jre/guava-25.0-jre.jar:/Users/Rayhanrahman/.m2/repository/com/google/code/findbugs/jsr305/1.3.9/jsr305-1.3.9.jar:/Users/Rayhanrahman/.m2/repository/org/checkerframework/checker-compat-qual/2.0.0/checker-compat-qual-2.0.0.jar:/Users/Rayhanrahman/.m2/repository/com/google/errorprone/error_prone_annotations/2.1.3/error_prone_annotations-2.1.3.jar:/Users/Rayhanrahman/.m2/repository/com/google/j2objc/j2objc-annotations/1.1/j2objc-annotations-1.1.jar:/Users/Rayhanrahman/.m2/repository/org/codehaus/mojo/animal-sniffer-annotations/1.14/animal-sniffer-annotations-1.14.jar:/Users/Rayhanrahman/.m2/repository/com/squareup/okhttp3/okhttp/3.11.0/okhttp-3.11.0.jar:/Users/Rayhanrahman/.m2/repository/com/squareup/okio/okio/1.14.0/okio-1.14.0.jar:/Users/Rayhanrahman/.m2/repository/org/testng/testng/6.14.3/testng-6.14.3.jar:/Users/Rayhanrahman/.m2/repository/com/beust/jcommander/1.72/jcommander-1.72.jar:/Users/Rayhanrahman/.m2/repository/org/apache-extras/beanshell/bsh/2.0b6/bsh-2.0b6.jar:/Users/Rayhanrahman/.m2/repository/io/github/bonigarcia/webdrivermanager/4.4.3/webdrivermanager-4.4.3.jar:/Users/Rayhanrahman/.m2/repository/org/slf4j/slf4j-api/1.7.30/slf4j-api-1.7.30.jar:/Users/Rayhanrahman/.m2/repository/commons-io/commons-io/2.8.0/commons-io-2.8.0.jar:/Users/Rayhanrahman/.m2/repository/com/google/code/gson/gson/2.8.6/gson-2.8.6.jar:/Users/Rayhanrahman/.m2/repository/org/apache/commons/commons-lang3/3.12.0/commons-lang3-3.12.0.jar:/Users/Rayhanrahman/.m2/repository/org/apache/httpcomponents/client5/httpclient5/5.0.3/httpclient5-5.0.3.jar:/Users/Rayhanrahman/.m2/repository/org/apache/httpcomponents/core5/httpcore5/5.0.2/httpcore5-5.0.2.jar:/Users/Rayhanrahman/.m2/repository/org/apache/httpcomponents/core5/httpcore5-h2/5.0.2/httpcore5-h2-5.0.2.jar:/Users/Rayhanrahman/.m2/repository/org/rauschig/jarchivelib/1.1.0/jarchivelib-1.1.0.jar:/Users/Rayhanrahman/.m2/repository/org/jsoup/jsoup/1.13.1/jsoup-1.13.1.jar:/Users/Rayhanrahman/.m2/repository/org/apache/poi/poi/4.1.2/poi-4.1.2.jar:/Users/Rayhanrahman/.m2/repository/commons-codec/commons-codec/1.13/commons-codec-1.13.jar:/Users/Rayhanrahman/.m2/repository/org/apache/commons/commons-collections4/4.4/commons-collections4-4.4.jar:/Users/Rayhanrahman/.m2/repository/org/apache/commons/commons-math3/3.6.1/commons-math3-3.6.1.jar:/Users/Rayhanrahman/.m2/repository/com/zaxxer/SparseBitSet/1.2/SparseBitSet-1.2.jar:/Users/Rayhanrahman/.m2/repository/org/apache/poi/poi-ooxml/4.1.2/poi-ooxml-4.1.2.jar:/Users/Rayhanrahman/.m2/repository/org/apache/commons/commons-compress/1.19/commons-compress-1.19.jar:/Users/Rayhanrahman/.m2/repository/com/github/virtuald/curvesapi/1.06/curvesapi-1.06.jar:/Users/Rayhanrahman/.m2/repository/org/apache/poi/poi-ooxml-schemas/4.1.2/poi-ooxml-schemas-4.1.2.jar:/Users/Rayhanrahman/.m2/repository/org/apache/xmlbeans/xmlbeans/3.1.0/xmlbeans-3.1.0.jar:"/>
    <property name="java.vm.vendor" value="Eclipse Adoptium"/>
    <property name="sun.arch.data.model" value="64"/>
    <property name="java.vendor.url" value="https://adoptium.net/"/>
    <property name="os.name" value="Mac OS X"/>
    <property name="java.vm.specification.version" value="17"/>
    <property name="sun.java.launcher" value="SUN_STANDARD"/>
    <property name="user.country" value="US"/>
    <property name="sun.boot.library.path" value="/Users/Rayhanrahman/.p2/pool/plugins/org.eclipse.justj.openjdk.hotspot.jre.full.macosx.x86_64_17.0.0.v20211012-1059/jre/lib"/>
    <property name="sun.java.command" value="/Users/Rayhanrahman/eclipse-workspace/LibertyMutual/target/surefire/surefirebooter3651247928309170710.jar /Users/Rayhanrahman/eclipse-workspace/LibertyMutual/target/surefire 2021-11-15T23-57-21_806-jvmRun1 surefire81601496275780301tmp surefire_02942070720962840639tmp"/>
    <property name="http.nonProxyHosts" value="local|*.local|169.254/16|*.169.254/16"/>
    <property name="jdk.debug" value="release"/>
    <property name="surefire.test.class.path" value="/Users/Rayhanrahman/eclipse-workspace/LibertyMutual/target/test-classes:/Users/Rayhanrahman/eclipse-workspace/LibertyMutual/target/classes:/Users/Rayhanrahman/.m2/repository/org/seleniumhq/selenium/selenium-java/3.141.59/selenium-java-3.141.59.jar:/Users/Rayhanrahman/.m2/repository/org/seleniumhq/selenium/selenium-api/3.141.59/selenium-api-3.141.59.jar:/Users/Rayhanrahman/.m2/repository/org/seleniumhq/selenium/selenium-chrome-driver/3.141.59/selenium-chrome-driver-3.141.59.jar:/Users/Rayhanrahman/.m2/repository/org/seleniumhq/selenium/selenium-edge-driver/3.141.59/selenium-edge-driver-3.141.59.jar:/Users/Rayhanrahman/.m2/repository/org/seleniumhq/selenium/selenium-firefox-driver/3.141.59/selenium-firefox-driver-3.141.59.jar:/Users/Rayhanrahman/.m2/repository/org/seleniumhq/selenium/selenium-ie-driver/3.141.59/selenium-ie-driver-3.141.59.jar:/Users/Rayhanrahman/.m2/repository/org/seleniumhq/selenium/selenium-opera-driver/3.141.59/selenium-opera-driver-3.141.59.jar:/Users/Rayhanrahman/.m2/repository/org/seleniumhq/selenium/selenium-remote-driver/3.141.59/selenium-remote-driver-3.141.59.jar:/Users/Rayhanrahman/.m2/repository/org/seleniumhq/selenium/selenium-safari-driver/3.141.59/selenium-safari-driver-3.141.59.jar:/Users/Rayhanrahman/.m2/repository/org/seleniumhq/selenium/selenium-support/3.141.59/selenium-support-3.141.59.jar:/Users/Rayhanrahman/.m2/repository/net/bytebuddy/byte-buddy/1.8.15/byte-buddy-1.8.15.jar:/Users/Rayhanrahman/.m2/repository/org/apache/commons/commons-exec/1.3/commons-exec-1.3.jar:/Users/Rayhanrahman/.m2/repository/com/google/guava/guava/25.0-jre/guava-25.0-jre.jar:/Users/Rayhanrahman/.m2/repository/com/google/code/findbugs/jsr305/1.3.9/jsr305-1.3.9.jar:/Users/Rayhanrahman/.m2/repository/org/checkerframework/checker-compat-qual/2.0.0/checker-compat-qual-2.0.0.jar:/Users/Rayhanrahman/.m2/repository/com/google/errorprone/error_prone_annotations/2.1.3/error_prone_annotations-2.1.3.jar:/Users/Rayhanrahman/.m2/repository/com/google/j2objc/j2objc-annotations/1.1/j2objc-annotations-1.1.jar:/Users/Rayhanrahman/.m2/repository/org/codehaus/mojo/animal-sniffer-annotations/1.14/animal-sniffer-annotations-1.14.jar:/Users/Rayhanrahman/.m2/repository/com/squareup/okhttp3/okhttp/3.11.0/okhttp-3.11.0.jar:/Users/Rayhanrahman/.m2/repository/com/squareup/okio/okio/1.14.0/okio-1.14.0.jar:/Users/Rayhanrahman/.m2/repository/org/testng/testng/6.14.3/testng-6.14.3.jar:/Users/Rayhanrahman/.m2/repository/com/beust/jcommander/1.72/jcommander-1.72.jar:/Users/Rayhanrahman/.m2/repository/org/apache-extras/beanshell/bsh/2.0b6/bsh-2.0b6.jar:/Users/Rayhanrahman/.m2/repository/io/github/bonigarcia/webdrivermanager/4.4.3/webdrivermanager-4.4.3.jar:/Users/Rayhanrahman/.m2/repository/org/slf4j/slf4j-api/1.7.30/slf4j-api-1.7.30.jar:/Users/Rayhanrahman/.m2/repository/commons-io/commons-io/2.8.0/commons-io-2.8.0.jar:/Users/Rayhanrahman/.m2/repository/com/google/code/gson/gson/2.8.6/gson-2.8.6.jar:/Users/Rayhanrahman/.m2/repository/org/apache/commons/commons-lang3/3.12.0/commons-lang3-3.12.0.jar:/Users/Rayhanrahman/.m2/repository/org/apache/httpcomponents/client5/httpclient5/5.0.3/httpclient5-5.0.3.jar:/Users/Rayhanrahman/.m2/repository/org/apache/httpcomponents/core5/httpcore5/5.0.2/httpcore5-5.0.2.jar:/Users/Rayhanrahman/.m2/repository/org/apache/httpcomponents/core5/httpcore5-h2/5.0.2/httpcore5-h2-5.0.2.jar:/Users/Rayhanrahman/.m2/repository/org/rauschig/jarchivelib/1.1.0/jarchivelib-1.1.0.jar:/Users/Rayhanrahman/.m2/repository/org/jsoup/jsoup/1.13.1/jsoup-1.13.1.jar:/Users/Rayhanrahman/.m2/repository/org/apache/poi/poi/4.1.2/poi-4.1.2.jar:/Users/Rayhanrahman/.m2/repository/commons-codec/commons-codec/1.13/commons-codec-1.13.jar:/Users/Rayhanrahman/.m2/repository/org/apache/commons/commons-collections4/4.4/commons-collections4-4.4.jar:/Users/Rayhanrahman/.m2/repository/org/apache/commons/commons-math3/3.6.1/commons-math3-3.6.1.jar:/Users/Rayhanrahman/.m2/repository/com/zaxxer/SparseBitSet/1.2/SparseBitSet-1.2.jar:/Users/Rayhanrahman/.m2/repository/org/apache/poi/poi-ooxml/4.1.2/poi-ooxml-4.1.2.jar:/Users/Rayhanrahman/.m2/repository/org/apache/commons/commons-compress/1.19/commons-compress-1.19.jar:/Users/Rayhanrahman/.m2/repository/com/github/virtuald/curvesapi/1.06/curvesapi-1.06.jar:/Users/Rayhanrahman/.m2/repository/org/apache/poi/poi-ooxml-schemas/4.1.2/poi-ooxml-schemas-4.1.2.jar:/Users/Rayhanrahman/.m2/repository/org/apache/xmlbeans/xmlbeans/3.1.0/xmlbeans-3.1.0.jar:"/>
    <property name="sun.cpu.endian" value="little"/>
    <property name="user.home" value="/Users/Rayhanrahman"/>
    <property name="user.language" value="en"/>
    <property name="java.specification.vendor" value="Oracle Corporation"/>
    <property name="java.version.date" value="2021-09-14"/>
    <property name="java.home" value="/Users/Rayhanrahman/.p2/pool/plugins/org.eclipse.justj.openjdk.hotspot.jre.full.macosx.x86_64_17.0.0.v20211012-1059/jre"/>
    <property name="file.separator" value="/"/>
    <property name="basedir" value="/Users/Rayhanrahman/eclipse-workspace/LibertyMutual"/>
    <property name="java.vm.compressedOopsMode" value="Zero based"/>
    <property name="line.separator" value="&#10;"/>
    <property name="java.specification.name" value="Java Platform API Specification"/>
    <property name="java.vm.specification.vendor" value="Oracle Corporation"/>
    <property name="surefire.real.class.path" value="/Users/Rayhanrahman/eclipse-workspace/LibertyMutual/target/surefire/surefirebooter3651247928309170710.jar"/>
    <property name="sun.management.compiler" value="HotSpot 64-Bit Tiered Compilers"/>
    <property name="ftp.nonProxyHosts" value="local|*.local|169.254/16|*.169.254/16"/>
    <property name="java.runtime.version" value="17+35"/>
    <property name="user.name" value="Rayhanrahman"/>
    <property name="path.separator" value=":"/>
    <property name="os.version" value="10.12.6"/>
    <property name="java.runtime.name" value="OpenJDK Runtime Environment"/>
    <property name="file.encoding" value="UTF-8"/>
    <property name="java.vm.name" value="OpenJDK 64-Bit Server VM"/>
    <property name="java.vendor.version" value="Temurin-17+35"/>
    <property name="localRepository" value="/Users/Rayhanrahman/.m2/repository"/>
    <property name="java.vendor.url.bug" value="https://github.com/adoptium/adoptium-support/issues"/>
    <property name="java.io.tmpdir" value="/var/folders/h9/sym_4h1976jbmc6qgm2wx28r0000gn/T/"/>
    <property name="java.version" value="17"/>
    <property name="user.dir" value="/Users/Rayhanrahman/eclipse-workspace/LibertyMutual"/>
    <property name="os.arch" value="x86_64"/>
    <property name="java.vm.specification.name" value="Java Virtual Machine Specification"/>
    <property name="native.encoding" value="UTF-8"/>
    <property name="java.library.path" value="/Users/Rayhanrahman/Library/Java/Extensions:/Library/Java/Extensions:/Network/Library/Java/Extensions:/System/Library/Java/Extensions:/usr/lib/java:."/>
    <property name="java.vm.info" value="mixed mode"/>
    <property name="java.vendor" value="Eclipse Adoptium"/>
    <property name="java.vm.version" value="17+35"/>
    <property name="sun.io.unicode.encoding" value="UnicodeBig"/>
    <property name="socksNonProxyHosts" value="local|*.local|169.254/16|*.169.254/16"/>
    <property name="java.class.version" value="61.0"/>
  </properties>
  <testcase name="LibertyMutualLogIn" classname="com.test.LogInTest" time="3.095"/>
</testsuite>