<?xml version="1.0" encoding="UTF-8"?>
<!-- Generated by org.testng.reporters.JUnitReportReporter -->
<testsuite skipped="0" hostname="Rayhans-MBP.fios-router.home" name="com.test.AutoQuoteTest" tests="5" failures="0" timestamp="11 Dec 2021 13:12:09 GMT" time="68.691" errors="0">
  <testcase name="autoQuoteTest" time="12.227" classname="com.test.AutoQuoteTest"/>
  <testcase name="autoQuoteInfoTest" time="13.159" classname="com.test.AutoQuoteTest"/>
  <testcase name="autoQuoteInfo2Test" time="12.412" classname="com.test.AutoQuoteTest"/>
  <testcase name="autoQuoteDataProviderTest" time="12.737" classname="com.test.AutoQuoteTest"/>
  <testcase name="autoQuoteFromExcelTest" time="18.156" classname="com.test.AutoQuoteTest"/>
</testsuite> <!-- com.test.AutoQuoteTest -->
