<?xml version="1.0" encoding="UTF-8"?>
<!-- Generated by org.testng.reporters.JUnitReportReporter -->
<testsuite hostname="Rayhans-MBP.fios-router.home" failures="0" tests="3" name="com.test.LogInTest" time="9.702" errors="0" timestamp="19 Nov 2021 06:26:48 GMT" skipped="2">
  <testcase classname="com.test.LogInTest" name="libertyMutualLogInFromExcel" time="9.702"/>
  <testcase classname="com.test.LogInTest" name="LibertyMutualLogIn">
    <skipped/>
  </testcase> <!-- LibertyMutualLogIn -->
  <testcase classname="com.test.LogInTest" name="libertyMutualLogInByDataProvider">
    <skipped/>
  </testcase> <!-- libertyMutualLogInByDataProvider -->
</testsuite> <!-- com.test.LogInTest -->
