<?xml version="1.0" encoding="UTF-8"?>
<!-- Generated by org.testng.reporters.JUnitReportReporter -->
<testsuite skipped="0" hostname="Rayhans-MBP.fios-router.home" name="com.test.LogInTest" tests="3" failures="0" timestamp="11 Dec 2021 13:17:55 GMT" time="32.513" errors="0">
  <testcase name="LibertyMutualLogIn" time="14.032" classname="com.test.LogInTest"/>
  <testcase name="libertyMutualLogInByDataProvider" time="8.512" classname="com.test.LogInTest"/>
  <testcase name="libertyMutualLogInFromExcel" time="9.969" classname="com.test.LogInTest"/>
</testsuite> <!-- com.test.LogInTest -->
