<?xml version="1.0" encoding="UTF-8"?>
<!-- Generated by org.testng.reporters.JUnitReportReporter -->
<testsuite skipped="0" hostname="Rayhans-MBP.fios-router.home" name="com.test.HomePageLogoTest" tests="1" failures="0" timestamp="11 Dec 2021 13:16:41 GMT" time="7.005" errors="0">
  <testcase name="homePageLogoTest" time="7.005" classname="com.test.HomePageLogoTest"/>
</testsuite> <!-- com.test.HomePageLogoTest -->
