<?xml version="1.0" encoding="UTF-8"?>
<!-- Generated by org.testng.reporters.JUnitReportReporter -->
<testsuite hostname="Rayhans-MBP.fios-router.home" failures="0" tests="1" name="com.test.HomePageLogoTest" time="9.876" errors="0" timestamp="20 Nov 2021 05:08:18 GMT" skipped="0">
  <testcase classname="com.test.HomePageLogoTest" name="homePageLogoTest" time="9.876"/>
</testsuite> <!-- com.test.HomePageLogoTest -->
