<?xml version="1.0" encoding="UTF-8"?>
<!-- Generated by org.testng.reporters.JUnitReportReporter -->
<testsuite hostname="Rayhans-MBP.fios-router.home" failures="0" tests="5" name="com.test.AutoQuoteTest" time="15.071" errors="0" timestamp="20 Nov 2021 04:29:58 GMT" skipped="4">
  <testcase classname="com.test.AutoQuoteTest" name="autoQuoteFromExcelTest" time="15.071"/>
  <testcase classname="com.test.AutoQuoteTest" name="autoQuoteInfoTest">
    <skipped/>
  </testcase> <!-- autoQuoteInfoTest -->
  <testcase classname="com.test.AutoQuoteTest" name="autoQuoteDataProviderTest">
    <skipped/>
  </testcase> <!-- autoQuoteDataProviderTest -->
  <testcase classname="com.test.AutoQuoteTest" name="autoQuoteInfo2Test">
    <skipped/>
  </testcase> <!-- autoQuoteInfo2Test -->
  <testcase classname="com.test.AutoQuoteTest" name="autoQuoteTest">
    <skipped/>
  </testcase> <!-- autoQuoteTest -->
</testsuite> <!-- com.test.AutoQuoteTest -->
