<?xml version="1.0" encoding="UTF-8"?>
<!-- Generated by org.testng.reporters.JUnitReportReporter -->
<testsuite hostname="Rayhans-MBP.fios-router.home" failures="0" tests="1" name="com.test.LogInTest" time="10.794" errors="0" timestamp="08 Nov 2021 21:39:41 GMT" skipped="0">
  <testcase classname="com.test.LogInTest" name="LibertyMutualLogIn" time="10.794"/>
</testsuite> <!-- com.test.LogInTest -->
