<?xml version="1.0" encoding="UTF-8"?>
<!-- Generated by org.testng.reporters.JUnitReportReporter -->
<testsuite hostname="Rayhans-MBP.fios-router.home" failures="0" tests="3" name="com.test.LogInTest" time="10.375" errors="0" timestamp="16 Nov 2021 04:57:33 GMT" skipped="2">
  <testcase classname="com.test.LogInTest" name="LibertyMutualLogIn" time="10.375"/>
  <testcase classname="com.test.LogInTest" name="libertyMutualLogInByDataProvider">
    <skipped/>
  </testcase> <!-- libertyMutualLogInByDataProvider -->
  <testcase classname="com.test.LogInTest" name="libertyMutualLogInFromExcel">
    <skipped/>
  </testcase> <!-- libertyMutualLogInFromExcel -->
</testsuite> <!-- com.test.LogInTest -->
